have_library: checking for bsBounceStudio_init() in -lBounceStudio... -------------------- no

"gcc -o conftest -I/Users/waseem/.rubies/ruby-1.9.3-p545/include/ruby-1.9.1/x86_64-darwin14.0.0 -I/Users/waseem/.rubies/ruby-1.9.3-p545/include/ruby-1.9.1/ruby/backward -I/Users/waseem/.rubies/ruby-1.9.3-p545/include/ruby-1.9.1 -I. -D_XOPEN_SOURCE -D_DARWIN_C_SOURCE   -I/usr/local/opt/openssl/include -I/usr/local/opt/readline/include -I/usr/local/opt/libyaml/include -I/usr/local/opt/gdbm/include -I/usr/local/opt/libffi/include  -O3 -ggdb -Wall -Wextra -Wno-unused-parameter -Wno-parentheses -Wno-long-long -Wno-missing-field-initializers -Wpointer-arith -Wwrite-strings -Wdeclaration-after-statement -Wshorten-64-to-32 -Wimplicit-function-declaration  -pipe conftest.c  -L. -L/Users/waseem/.rubies/ruby-1.9.3-p545/lib -L/usr/local/opt/openssl/lib -L/usr/local/opt/readline/lib -L/usr/local/opt/libyaml/lib -L/usr/local/opt/gdbm/lib -L/usr/local/opt/libffi/lib -L.  -L/usr/local/opt/openssl/lib -L/usr/local/opt/readline/lib -L/usr/local/opt/libyaml/lib -L/usr/local/opt/gdbm/lib -L/usr/local/opt/libffi/lib      -lruby-static  -lpthread -ldl -lobjc "
checked program was:
/* begin */
1: #include "ruby.h"
2: 
3: int main(int argc, char **argv)
4: {
5:   return 0;
6: }
/* end */

"gcc -o conftest -I/Users/waseem/.rubies/ruby-1.9.3-p545/include/ruby-1.9.1/x86_64-darwin14.0.0 -I/Users/waseem/.rubies/ruby-1.9.3-p545/include/ruby-1.9.1/ruby/backward -I/Users/waseem/.rubies/ruby-1.9.3-p545/include/ruby-1.9.1 -I. -D_XOPEN_SOURCE -D_DARWIN_C_SOURCE   -I/usr/local/opt/openssl/include -I/usr/local/opt/readline/include -I/usr/local/opt/libyaml/include -I/usr/local/opt/gdbm/include -I/usr/local/opt/libffi/include  -O3 -ggdb -Wall -Wextra -Wno-unused-parameter -Wno-parentheses -Wno-long-long -Wno-missing-field-initializers -Wpointer-arith -Wwrite-strings -Wdeclaration-after-statement -Wshorten-64-to-32 -Wimplicit-function-declaration  -pipe conftest.c  -L. -L/Users/waseem/.rubies/ruby-1.9.3-p545/lib -L/usr/local/opt/openssl/lib -L/usr/local/opt/readline/lib -L/usr/local/opt/libyaml/lib -L/usr/local/opt/gdbm/lib -L/usr/local/opt/libffi/lib -L.  -L/usr/local/opt/openssl/lib -L/usr/local/opt/readline/lib -L/usr/local/opt/libyaml/lib -L/usr/local/opt/gdbm/lib -L/usr/local/opt/libffi/lib      -lruby-static -lBounceStudio  -lpthread -ldl -lobjc "
conftest.c:4:53: error: use of undeclared identifier 'bsBounceStudio_init'
int t() { void ((*volatile p)()); p = (void ((*)()))bsBounceStudio_init; return 0; }
                                                    ^
1 error generated.
checked program was:
/* begin */
 1: #include "ruby.h"
 2: 
 3: /*top*/
 4: int t() { void ((*volatile p)()); p = (void ((*)()))bsBounceStudio_init; return 0; }
 5: int main(int argc, char **argv)
 6: {
 7:   if (argc > 1000000) {
 8:     printf("%p", &t);
 9:   }
10: 
11:   return 0;
12: }
/* end */

"gcc -o conftest -I/Users/waseem/.rubies/ruby-1.9.3-p545/include/ruby-1.9.1/x86_64-darwin14.0.0 -I/Users/waseem/.rubies/ruby-1.9.3-p545/include/ruby-1.9.1/ruby/backward -I/Users/waseem/.rubies/ruby-1.9.3-p545/include/ruby-1.9.1 -I. -D_XOPEN_SOURCE -D_DARWIN_C_SOURCE   -I/usr/local/opt/openssl/include -I/usr/local/opt/readline/include -I/usr/local/opt/libyaml/include -I/usr/local/opt/gdbm/include -I/usr/local/opt/libffi/include  -O3 -ggdb -Wall -Wextra -Wno-unused-parameter -Wno-parentheses -Wno-long-long -Wno-missing-field-initializers -Wpointer-arith -Wwrite-strings -Wdeclaration-after-statement -Wshorten-64-to-32 -Wimplicit-function-declaration  -pipe conftest.c  -L. -L/Users/waseem/.rubies/ruby-1.9.3-p545/lib -L/usr/local/opt/openssl/lib -L/usr/local/opt/readline/lib -L/usr/local/opt/libyaml/lib -L/usr/local/opt/gdbm/lib -L/usr/local/opt/libffi/lib -L.  -L/usr/local/opt/openssl/lib -L/usr/local/opt/readline/lib -L/usr/local/opt/libyaml/lib -L/usr/local/opt/gdbm/lib -L/usr/local/opt/libffi/lib      -lruby-static -lBounceStudio  -lpthread -ldl -lobjc "
conftest.c:4:11: warning: implicit declaration of function 'bsBounceStudio_init' is invalid in C99 [-Wimplicit-function-declaration]
int t() { bsBounceStudio_init(); return 0; }
          ^
1 warning generated.
ld: library not found for -lBounceStudio
clang: error: linker command failed with exit code 1 (use -v to see invocation)
checked program was:
/* begin */
 1: #include "ruby.h"
 2: 
 3: /*top*/
 4: int t() { bsBounceStudio_init(); return 0; }
 5: int main(int argc, char **argv)
 6: {
 7:   if (argc > 1000000) {
 8:     printf("%p", &t);
 9:   }
10: 
11:   return 0;
12: }
/* end */

--------------------

